<?xml version="1.0" encoding="UTF-8"?>
<!-- Generated by org.testng.reporters.JUnitReportReporter -->
<testsuite skipped="0" hostname="SSTPR132" name="Test.Test1" tests="1" failures="0" timestamp="25 Feb 2020 13:55:16 GMT" time="29.709" errors="0">
  <testcase name="Testas" time="29.709" classname="Test.Test1"/>
</testsuite> <!-- Test.Test1 -->
